<?xml version="1.0" encoding="UTF-8"?>
<!-- Generated by org.testng.reporters.JUnitReportReporter -->
<testsuite hostname="HP" name="AdactinGroup.AdactinHotelBook" tests="4" failures="0" timestamp="21 Jul 2021 06:39:48 GMT" time="35.928" errors="0">
  <testcase name="openAdatin" time="18.165" classname="AdactinGroup.AdactinHotelBook"/>
  <testcase name="bookingPage" time="2.980" classname="AdactinGroup.AdactinHotelBook"/>
  <testcase name="paymentPage" time="9.579" classname="AdactinGroup.AdactinHotelBook"/>
  <testcase name="conformRoom" time="5.204" classname="AdactinGroup.AdactinHotelBook"/>
</testsuite> <!-- AdactinGroup.AdactinHotelBook -->
